--------------------------------------------------------------------------------
Release 14.7 Trace  (lin)
Copyright (c) 1995-2013 Xilinx, Inc.  All rights reserved.

/opt/Xilinx/14.7/ISE_DS/ISE/bin/lin/unwrapped/trce -intstyle ise -v 3 -s 2 -n 3
-fastpaths -xml mojo_top.twx mojo_top.ncd -o mojo_top.twr mojo_top.pcf

Design file:              mojo_top.ncd
Physical constraint file: mojo_top.pcf
Device,package,speed:     xc6slx9,tqg144,C,-2 (PRODUCTION 1.23 2013-10-13)
Report level:             verbose report

Environment Variable      Effect 
--------------------      ------ 
NONE                      No environment variables were set
--------------------------------------------------------------------------------

INFO:Timing:3412 - To improve timing, see the Timing Closure User Guide (UG612).
INFO:Timing:2752 - To get complete path coverage, use the unconstrained paths 
   option. All paths that are not constrained will be reported in the 
   unconstrained paths section(s) of the report.
INFO:Timing:3339 - The clock-to-out numbers in this timing report are based on 
   a 50 Ohm transmission line loading model.  For the details of this model, 
   and for more information on accounting for different loading conditions, 
   please see the device datasheet.

================================================================================
Timing constraint: TS_clk = PERIOD TIMEGRP "clk" 50 MHz HIGH 50%;
For more information, see Period Analysis in the Timing Closure User Guide (UG612).

 33 paths analyzed, 27 endpoints analyzed, 0 failing endpoints
 0 timing errors detected. (0 setup errors, 0 hold errors, 0 component switching limit errors)
 Minimum period is   2.666ns.
--------------------------------------------------------------------------------

Paths for end point clock_divider_instance/m_3 (SLICE_X14Y33.SR), 2 paths
--------------------------------------------------------------------------------
Slack (setup path):     17.339ns (requirement - (data path - clock path skew + uncertainty))
  Source:               clock_divider_instance/m_5 (FF)
  Destination:          clock_divider_instance/m_3 (FF)
  Requirement:          20.000ns
  Data Path Delay:      2.626ns (Levels of Logic = 1)
  Clock Path Skew:      0.000ns
  Source Clock:         clk_BUFGP rising at 0.000ns
  Destination Clock:    clk_BUFGP rising at 20.000ns
  Clock Uncertainty:    0.035ns

  Clock Uncertainty:          0.035ns  ((TSJ^2 + TIJ^2)^1/2 + DJ) / 2 + PE
    Total System Jitter (TSJ):  0.070ns
    Total Input Jitter (TIJ):   0.000ns
    Discrete Jitter (DJ):       0.000ns
    Phase Error (PE):           0.000ns

  Maximum Data Path at Slow Process Corner: clock_divider_instance/m_5 to clock_divider_instance/m_3
    Location             Delay type         Delay(ns)  Physical Resource
                                                       Logical Resource(s)
    -------------------------------------------------  -------------------
    SLICE_X14Y33.DQ      Tcko                  0.476   clock_divider_instance/m<5>
                                                       clock_divider_instance/m_5
    SLICE_X15Y33.D3      net (fanout=2)        1.057   clock_divider_instance/m<5>
    SLICE_X15Y33.D       Tilo                  0.259   clock_divider_instance/m[5]_GND_8_o_LessThan_2_o_inv
                                                       clock_divider_instance/m[5]_GND_8_o_LessThan_2_o_inv1
    SLICE_X14Y33.SR      net (fanout=1)        0.373   clock_divider_instance/m[5]_GND_8_o_LessThan_2_o_inv
    SLICE_X14Y33.CLK     Tsrck                 0.461   clock_divider_instance/m<5>
                                                       clock_divider_instance/m_3
    -------------------------------------------------  ---------------------------
    Total                                      2.626ns (1.196ns logic, 1.430ns route)
                                                       (45.5% logic, 54.5% route)

--------------------------------------------------------------------------------
Slack (setup path):     18.145ns (requirement - (data path - clock path skew + uncertainty))
  Source:               clock_divider_instance/m_4 (FF)
  Destination:          clock_divider_instance/m_3 (FF)
  Requirement:          20.000ns
  Data Path Delay:      1.820ns (Levels of Logic = 1)
  Clock Path Skew:      0.000ns
  Source Clock:         clk_BUFGP rising at 0.000ns
  Destination Clock:    clk_BUFGP rising at 20.000ns
  Clock Uncertainty:    0.035ns

  Clock Uncertainty:          0.035ns  ((TSJ^2 + TIJ^2)^1/2 + DJ) / 2 + PE
    Total System Jitter (TSJ):  0.070ns
    Total Input Jitter (TIJ):   0.000ns
    Discrete Jitter (DJ):       0.000ns
    Phase Error (PE):           0.000ns

  Maximum Data Path at Slow Process Corner: clock_divider_instance/m_4 to clock_divider_instance/m_3
    Location             Delay type         Delay(ns)  Physical Resource
                                                       Logical Resource(s)
    -------------------------------------------------  -------------------
    SLICE_X14Y33.CQ      Tcko                  0.476   clock_divider_instance/m<5>
                                                       clock_divider_instance/m_4
    SLICE_X15Y33.D5      net (fanout=3)        0.251   clock_divider_instance/m<4>
    SLICE_X15Y33.D       Tilo                  0.259   clock_divider_instance/m[5]_GND_8_o_LessThan_2_o_inv
                                                       clock_divider_instance/m[5]_GND_8_o_LessThan_2_o_inv1
    SLICE_X14Y33.SR      net (fanout=1)        0.373   clock_divider_instance/m[5]_GND_8_o_LessThan_2_o_inv
    SLICE_X14Y33.CLK     Tsrck                 0.461   clock_divider_instance/m<5>
                                                       clock_divider_instance/m_3
    -------------------------------------------------  ---------------------------
    Total                                      1.820ns (1.196ns logic, 0.624ns route)
                                                       (65.7% logic, 34.3% route)

--------------------------------------------------------------------------------

Paths for end point clock_divider_instance/m_2 (SLICE_X14Y33.SR), 2 paths
--------------------------------------------------------------------------------
Slack (setup path):     17.367ns (requirement - (data path - clock path skew + uncertainty))
  Source:               clock_divider_instance/m_5 (FF)
  Destination:          clock_divider_instance/m_2 (FF)
  Requirement:          20.000ns
  Data Path Delay:      2.598ns (Levels of Logic = 1)
  Clock Path Skew:      0.000ns
  Source Clock:         clk_BUFGP rising at 0.000ns
  Destination Clock:    clk_BUFGP rising at 20.000ns
  Clock Uncertainty:    0.035ns

  Clock Uncertainty:          0.035ns  ((TSJ^2 + TIJ^2)^1/2 + DJ) / 2 + PE
    Total System Jitter (TSJ):  0.070ns
    Total Input Jitter (TIJ):   0.000ns
    Discrete Jitter (DJ):       0.000ns
    Phase Error (PE):           0.000ns

  Maximum Data Path at Slow Process Corner: clock_divider_instance/m_5 to clock_divider_instance/m_2
    Location             Delay type         Delay(ns)  Physical Resource
                                                       Logical Resource(s)
    -------------------------------------------------  -------------------
    SLICE_X14Y33.DQ      Tcko                  0.476   clock_divider_instance/m<5>
                                                       clock_divider_instance/m_5
    SLICE_X15Y33.D3      net (fanout=2)        1.057   clock_divider_instance/m<5>
    SLICE_X15Y33.D       Tilo                  0.259   clock_divider_instance/m[5]_GND_8_o_LessThan_2_o_inv
                                                       clock_divider_instance/m[5]_GND_8_o_LessThan_2_o_inv1
    SLICE_X14Y33.SR      net (fanout=1)        0.373   clock_divider_instance/m[5]_GND_8_o_LessThan_2_o_inv
    SLICE_X14Y33.CLK     Tsrck                 0.433   clock_divider_instance/m<5>
                                                       clock_divider_instance/m_2
    -------------------------------------------------  ---------------------------
    Total                                      2.598ns (1.168ns logic, 1.430ns route)
                                                       (45.0% logic, 55.0% route)

--------------------------------------------------------------------------------
Slack (setup path):     18.173ns (requirement - (data path - clock path skew + uncertainty))
  Source:               clock_divider_instance/m_4 (FF)
  Destination:          clock_divider_instance/m_2 (FF)
  Requirement:          20.000ns
  Data Path Delay:      1.792ns (Levels of Logic = 1)
  Clock Path Skew:      0.000ns
  Source Clock:         clk_BUFGP rising at 0.000ns
  Destination Clock:    clk_BUFGP rising at 20.000ns
  Clock Uncertainty:    0.035ns

  Clock Uncertainty:          0.035ns  ((TSJ^2 + TIJ^2)^1/2 + DJ) / 2 + PE
    Total System Jitter (TSJ):  0.070ns
    Total Input Jitter (TIJ):   0.000ns
    Discrete Jitter (DJ):       0.000ns
    Phase Error (PE):           0.000ns

  Maximum Data Path at Slow Process Corner: clock_divider_instance/m_4 to clock_divider_instance/m_2
    Location             Delay type         Delay(ns)  Physical Resource
                                                       Logical Resource(s)
    -------------------------------------------------  -------------------
    SLICE_X14Y33.CQ      Tcko                  0.476   clock_divider_instance/m<5>
                                                       clock_divider_instance/m_4
    SLICE_X15Y33.D5      net (fanout=3)        0.251   clock_divider_instance/m<4>
    SLICE_X15Y33.D       Tilo                  0.259   clock_divider_instance/m[5]_GND_8_o_LessThan_2_o_inv
                                                       clock_divider_instance/m[5]_GND_8_o_LessThan_2_o_inv1
    SLICE_X14Y33.SR      net (fanout=1)        0.373   clock_divider_instance/m[5]_GND_8_o_LessThan_2_o_inv
    SLICE_X14Y33.CLK     Tsrck                 0.433   clock_divider_instance/m<5>
                                                       clock_divider_instance/m_2
    -------------------------------------------------  ---------------------------
    Total                                      1.792ns (1.168ns logic, 0.624ns route)
                                                       (65.2% logic, 34.8% route)

--------------------------------------------------------------------------------

Paths for end point clock_divider_instance/m_1 (SLICE_X14Y33.SR), 2 paths
--------------------------------------------------------------------------------
Slack (setup path):     17.371ns (requirement - (data path - clock path skew + uncertainty))
  Source:               clock_divider_instance/m_5 (FF)
  Destination:          clock_divider_instance/m_1 (FF)
  Requirement:          20.000ns
  Data Path Delay:      2.594ns (Levels of Logic = 1)
  Clock Path Skew:      0.000ns
  Source Clock:         clk_BUFGP rising at 0.000ns
  Destination Clock:    clk_BUFGP rising at 20.000ns
  Clock Uncertainty:    0.035ns

  Clock Uncertainty:          0.035ns  ((TSJ^2 + TIJ^2)^1/2 + DJ) / 2 + PE
    Total System Jitter (TSJ):  0.070ns
    Total Input Jitter (TIJ):   0.000ns
    Discrete Jitter (DJ):       0.000ns
    Phase Error (PE):           0.000ns

  Maximum Data Path at Slow Process Corner: clock_divider_instance/m_5 to clock_divider_instance/m_1
    Location             Delay type         Delay(ns)  Physical Resource
                                                       Logical Resource(s)
    -------------------------------------------------  -------------------
    SLICE_X14Y33.DQ      Tcko                  0.476   clock_divider_instance/m<5>
                                                       clock_divider_instance/m_5
    SLICE_X15Y33.D3      net (fanout=2)        1.057   clock_divider_instance/m<5>
    SLICE_X15Y33.D       Tilo                  0.259   clock_divider_instance/m[5]_GND_8_o_LessThan_2_o_inv
                                                       clock_divider_instance/m[5]_GND_8_o_LessThan_2_o_inv1
    SLICE_X14Y33.SR      net (fanout=1)        0.373   clock_divider_instance/m[5]_GND_8_o_LessThan_2_o_inv
    SLICE_X14Y33.CLK     Tsrck                 0.429   clock_divider_instance/m<5>
                                                       clock_divider_instance/m_1
    -------------------------------------------------  ---------------------------
    Total                                      2.594ns (1.164ns logic, 1.430ns route)
                                                       (44.9% logic, 55.1% route)

--------------------------------------------------------------------------------
Slack (setup path):     18.177ns (requirement - (data path - clock path skew + uncertainty))
  Source:               clock_divider_instance/m_4 (FF)
  Destination:          clock_divider_instance/m_1 (FF)
  Requirement:          20.000ns
  Data Path Delay:      1.788ns (Levels of Logic = 1)
  Clock Path Skew:      0.000ns
  Source Clock:         clk_BUFGP rising at 0.000ns
  Destination Clock:    clk_BUFGP rising at 20.000ns
  Clock Uncertainty:    0.035ns

  Clock Uncertainty:          0.035ns  ((TSJ^2 + TIJ^2)^1/2 + DJ) / 2 + PE
    Total System Jitter (TSJ):  0.070ns
    Total Input Jitter (TIJ):   0.000ns
    Discrete Jitter (DJ):       0.000ns
    Phase Error (PE):           0.000ns

  Maximum Data Path at Slow Process Corner: clock_divider_instance/m_4 to clock_divider_instance/m_1
    Location             Delay type         Delay(ns)  Physical Resource
                                                       Logical Resource(s)
    -------------------------------------------------  -------------------
    SLICE_X14Y33.CQ      Tcko                  0.476   clock_divider_instance/m<5>
                                                       clock_divider_instance/m_4
    SLICE_X15Y33.D5      net (fanout=3)        0.251   clock_divider_instance/m<4>
    SLICE_X15Y33.D       Tilo                  0.259   clock_divider_instance/m[5]_GND_8_o_LessThan_2_o_inv
                                                       clock_divider_instance/m[5]_GND_8_o_LessThan_2_o_inv1
    SLICE_X14Y33.SR      net (fanout=1)        0.373   clock_divider_instance/m[5]_GND_8_o_LessThan_2_o_inv
    SLICE_X14Y33.CLK     Tsrck                 0.429   clock_divider_instance/m<5>
                                                       clock_divider_instance/m_1
    -------------------------------------------------  ---------------------------
    Total                                      1.788ns (1.164ns logic, 0.624ns route)
                                                       (65.1% logic, 34.9% route)

--------------------------------------------------------------------------------

Hold Paths: TS_clk = PERIOD TIMEGRP "clk" 50 MHz HIGH 50%;
--------------------------------------------------------------------------------

Paths for end point clock_divider_instance/m_2 (SLICE_X14Y33.B5), 1 path
--------------------------------------------------------------------------------
Slack (hold path):      0.405ns (requirement - (clock path skew + uncertainty - data path))
  Source:               clock_divider_instance/m_1 (FF)
  Destination:          clock_divider_instance/m_2 (FF)
  Requirement:          0.000ns
  Data Path Delay:      0.405ns (Levels of Logic = 1)
  Clock Path Skew:      0.000ns
  Source Clock:         clk_BUFGP rising at 20.000ns
  Destination Clock:    clk_BUFGP rising at 20.000ns
  Clock Uncertainty:    0.000ns

  Minimum Data Path at Fast Process Corner: clock_divider_instance/m_1 to clock_divider_instance/m_2
    Location             Delay type         Delay(ns)  Physical Resource
                                                       Logical Resource(s)
    -------------------------------------------------  -------------------
    SLICE_X14Y33.BQ      Tcko                  0.200   clock_divider_instance/m<5>
                                                       clock_divider_instance/m_1
    SLICE_X14Y33.B5      net (fanout=3)        0.084   clock_divider_instance/m<1>
    SLICE_X14Y33.CLK     Tah         (-Th)    -0.121   clock_divider_instance/m<5>
                                                       Result<2>1
                                                       clock_divider_instance/m_2
    -------------------------------------------------  ---------------------------
    Total                                      0.405ns (0.321ns logic, 0.084ns route)
                                                       (79.3% logic, 20.7% route)

--------------------------------------------------------------------------------

Paths for end point clock_divider_instance/m_5 (SLICE_X14Y33.D6), 1 path
--------------------------------------------------------------------------------
Slack (hold path):      0.416ns (requirement - (clock path skew + uncertainty - data path))
  Source:               clock_divider_instance/m_5 (FF)
  Destination:          clock_divider_instance/m_5 (FF)
  Requirement:          0.000ns
  Data Path Delay:      0.416ns (Levels of Logic = 1)
  Clock Path Skew:      0.000ns
  Source Clock:         clk_BUFGP rising at 20.000ns
  Destination Clock:    clk_BUFGP rising at 20.000ns
  Clock Uncertainty:    0.000ns

  Minimum Data Path at Fast Process Corner: clock_divider_instance/m_5 to clock_divider_instance/m_5
    Location             Delay type         Delay(ns)  Physical Resource
                                                       Logical Resource(s)
    -------------------------------------------------  -------------------
    SLICE_X14Y33.DQ      Tcko                  0.200   clock_divider_instance/m<5>
                                                       clock_divider_instance/m_5
    SLICE_X14Y33.D6      net (fanout=2)        0.026   clock_divider_instance/m<5>
    SLICE_X14Y33.CLK     Tah         (-Th)    -0.190   clock_divider_instance/m<5>
                                                       Result<5>1
                                                       clock_divider_instance/m_5
    -------------------------------------------------  ---------------------------
    Total                                      0.416ns (0.390ns logic, 0.026ns route)
                                                       (93.8% logic, 6.2% route)

--------------------------------------------------------------------------------

Paths for end point clock_divider_instance/m_0 (SLICE_X14Y33.A6), 1 path
--------------------------------------------------------------------------------
Slack (hold path):      0.428ns (requirement - (clock path skew + uncertainty - data path))
  Source:               clock_divider_instance/m_0 (FF)
  Destination:          clock_divider_instance/m_0 (FF)
  Requirement:          0.000ns
  Data Path Delay:      0.428ns (Levels of Logic = 1)
  Clock Path Skew:      0.000ns
  Source Clock:         clk_BUFGP rising at 20.000ns
  Destination Clock:    clk_BUFGP rising at 20.000ns
  Clock Uncertainty:    0.000ns

  Minimum Data Path at Fast Process Corner: clock_divider_instance/m_0 to clock_divider_instance/m_0
    Location             Delay type         Delay(ns)  Physical Resource
                                                       Logical Resource(s)
    -------------------------------------------------  -------------------
    SLICE_X14Y33.AQ      Tcko                  0.200   clock_divider_instance/m<5>
                                                       clock_divider_instance/m_0
    SLICE_X14Y33.A6      net (fanout=4)        0.038   clock_divider_instance/m<0>
    SLICE_X14Y33.CLK     Tah         (-Th)    -0.190   clock_divider_instance/m<5>
                                                       clock_divider_instance/Mcount_m_xor<0>11_INV_0
                                                       clock_divider_instance/m_0
    -------------------------------------------------  ---------------------------
    Total                                      0.428ns (0.390ns logic, 0.038ns route)
                                                       (91.1% logic, 8.9% route)

--------------------------------------------------------------------------------

Component Switching Limit Checks: TS_clk = PERIOD TIMEGRP "clk" 50 MHz HIGH 50%;
--------------------------------------------------------------------------------
Slack: 17.334ns (period - min period limit)
  Period: 20.000ns
  Min period limit: 2.666ns (375.094MHz) (Tbcper_I)
  Physical resource: clk_BUFGP/BUFG/I0
  Logical resource: clk_BUFGP/BUFG/I0
  Location pin: BUFGMUX_X2Y11.I0
  Clock network: clk_BUFGP/IBUFG
--------------------------------------------------------------------------------
Slack: 19.524ns (period - (min high pulse limit / (high pulse / period)))
  Period: 20.000ns
  High pulse: 10.000ns
  High pulse limit: 0.238ns (Trpw)
  Physical resource: clock_divider_instance/m<5>/SR
  Logical resource: clock_divider_instance/m_2/SR
  Location pin: SLICE_X14Y33.SR
  Clock network: clock_divider_instance/m[5]_GND_8_o_LessThan_2_o_inv
--------------------------------------------------------------------------------
Slack: 19.524ns (period - (min high pulse limit / (high pulse / period)))
  Period: 20.000ns
  High pulse: 10.000ns
  High pulse limit: 0.238ns (Trpw)
  Physical resource: clock_divider_instance/m<5>/SR
  Logical resource: clock_divider_instance/m_3/SR
  Location pin: SLICE_X14Y33.SR
  Clock network: clock_divider_instance/m[5]_GND_8_o_LessThan_2_o_inv
--------------------------------------------------------------------------------


All constraints were met.


Data Sheet report:
-----------------
All values displayed in nanoseconds (ns)

Clock to Setup on destination clock clk
---------------+---------+---------+---------+---------+
               | Src:Rise| Src:Fall| Src:Rise| Src:Fall|
Source Clock   |Dest:Rise|Dest:Rise|Dest:Fall|Dest:Fall|
---------------+---------+---------+---------+---------+
clk            |    2.661|         |         |         |
---------------+---------+---------+---------+---------+


Timing summary:
---------------

Timing errors: 0  Score: 0  (Setup/Max: 0, Hold: 0)

Constraints cover 33 paths, 0 nets, and 20 connections

Design statistics:
   Minimum period:   2.666ns{1}   (Maximum frequency: 375.094MHz)


------------------------------------Footnotes-----------------------------------
1)  The minimum period statistic assumes all single cycle delays.

Analysis completed Wed Feb 15 17:50:07 2017 
--------------------------------------------------------------------------------

Trace Settings:
-------------------------
Trace Settings 

Peak Memory Usage: 143 MB



